2016-06-08 20:14:28 Error: [Cake\Console\Exception\MissingShellException] Shell class for "Update" could not be found.
Stack Trace:
#0 /var/www/media/vendor/cakephp/cakephp/src/Console/ShellDispatcher.php(209): Cake\Console\ShellDispatcher->findShell('update')
#1 /var/www/media/vendor/cakephp/cakephp/src/Console/ShellDispatcher.php(179): Cake\Console\ShellDispatcher->_dispatch(Array)
#2 /var/www/media/vendor/cakephp/cakephp/src/Console/ShellDispatcher.php(126): Cake\Console\ShellDispatcher->dispatch(Array)
#3 /var/www/media/bin/cake.php(33): Cake\Console\ShellDispatcher::run(Array)
#4 {main}


2016-06-08 20:18:00 Error: [BadMethodCallException] Unknown method "rename"
Stack Trace:
#0 /var/www/media/src/Shell/SerieShell.php(19): Cake\ORM\Table->__call('rename', Array)
#1 /var/www/media/src/Shell/SerieShell.php(19): App\Model\Table\SeriesTable->rename()
#2 [internal function]: App\Shell\SerieShell->rename()
#3 /var/www/media/vendor/cakephp/cakephp/src/Console/Shell.php(431): call_user_func_array(Array, Array)
#4 /var/www/media/vendor/cakephp/cakephp/src/Console/ShellDispatcher.php(212): Cake\Console\Shell->runCommand(Array, true, Array)
#5 /var/www/media/vendor/cakephp/cakephp/src/Console/ShellDispatcher.php(179): Cake\Console\ShellDispatcher->_dispatch(Array)
#6 /var/www/media/vendor/cakephp/cakephp/src/Console/ShellDispatcher.php(126): Cake\Console\ShellDispatcher->dispatch(Array)
#7 /var/www/media/bin/cake.php(33): Cake\Console\ShellDispatcher::run(Array)
#8 {main}


2016-06-08 20:20:24 Warning: Warning (512): SplFileInfo::openFile(/var/www/media/tmp/cache/models/myapp_cake_model_default_folders): failed to open stream: Permission denied in [/var/www/media/vendor/cakephp/cakephp/src/Cache/Engine/FileEngine.php, line 395]
Trace:
Cake\Error\BaseErrorHandler::handleError() - CORE/src/Error/BaseErrorHandler.php, line 138
Cake\Cache\Engine\FileEngine::_setKey() - CORE/src/Cache/Engine/FileEngine.php, line 395
Cake\Cache\Engine\FileEngine::read() - CORE/src/Cache/Engine/FileEngine.php, line 184
Cake\Cache\Cache::read() - CORE/src/Cache/Cache.php, line 312
Cake\Database\Schema\CachedCollection::describe() - CORE/src/Database/Schema/CachedCollection.php, line 58
Cake\ORM\Table::schema() - CORE/src/ORM/Table.php, line 423
Cake\ORM\Query::addDefaultTypes() - CORE/src/ORM/Query.php, line 173
Cake\ORM\Query::__construct() - CORE/src/ORM/Query.php, line 131
Cake\ORM\Table::query() - CORE/src/ORM/Table.php, line 1228
Cake\ORM\Table::find() - CORE/src/ORM/Table.php, line 931
Cake\ORM\Table::_dynamicFinder() - CORE/src/ORM/Table.php, line 1829
Cake\ORM\Table::__call() - CORE/src/ORM/Table.php, line 1849
App\Model\Table\FoldersTable::findByType() - APP/Shell/SerieShell.php, line 24
App\Shell\SerieShell::rename() - APP/Shell/SerieShell.php, line 24
Cake\Console\Shell::runCommand() - CORE/src/Console/Shell.php, line 431
Cake\Console\ShellDispatcher::_dispatch() - CORE/src/Console/ShellDispatcher.php, line 212
Cake\Console\ShellDispatcher::dispatch() - CORE/src/Console/ShellDispatcher.php, line 179
Cake\Console\ShellDispatcher::run() - CORE/src/Console/ShellDispatcher.php, line 126
[main] - ROOT/bin/cake.php, line 33



2016-06-08 20:20:24 Warning: Warning (512): SplFileInfo::openFile(/var/www/media/tmp/cache/models/myapp_cake_model_default_folders): failed to open stream: Permission denied in [/var/www/media/vendor/cakephp/cakephp/src/Cache/Engine/FileEngine.php, line 395]
Trace:
Cake\Error\BaseErrorHandler::handleError() - CORE/src/Error/BaseErrorHandler.php, line 138
Cake\Cache\Engine\FileEngine::_setKey() - CORE/src/Cache/Engine/FileEngine.php, line 395
Cake\Cache\Engine\FileEngine::write() - CORE/src/Cache/Engine/FileEngine.php, line 134
Cake\Cache\Cache::write() - CORE/src/Cache/Cache.php, line 234
Cake\Database\Schema\CachedCollection::describe() - CORE/src/Database/Schema/CachedCollection.php, line 67
Cake\ORM\Table::schema() - CORE/src/ORM/Table.php, line 423
Cake\ORM\Query::addDefaultTypes() - CORE/src/ORM/Query.php, line 173
Cake\ORM\Query::__construct() - CORE/src/ORM/Query.php, line 131
Cake\ORM\Table::query() - CORE/src/ORM/Table.php, line 1228
Cake\ORM\Table::find() - CORE/src/ORM/Table.php, line 931
Cake\ORM\Table::_dynamicFinder() - CORE/src/ORM/Table.php, line 1829
Cake\ORM\Table::__call() - CORE/src/ORM/Table.php, line 1849
App\Model\Table\FoldersTable::findByType() - APP/Shell/SerieShell.php, line 24
App\Shell\SerieShell::rename() - APP/Shell/SerieShell.php, line 24
Cake\Console\Shell::runCommand() - CORE/src/Console/Shell.php, line 431
Cake\Console\ShellDispatcher::_dispatch() - CORE/src/Console/ShellDispatcher.php, line 212
Cake\Console\ShellDispatcher::dispatch() - CORE/src/Console/ShellDispatcher.php, line 179
Cake\Console\ShellDispatcher::run() - CORE/src/Console/ShellDispatcher.php, line 126
[main] - ROOT/bin/cake.php, line 33



2016-06-08 20:20:24 Warning: Warning (512): _cake_model_ cache was unable to write 'default_folders' to Cake\Cache\Engine\FileEngine cache in [/var/www/media/vendor/cakephp/cakephp/src/Cache/Cache.php, line 244]
Trace:
Cake\Error\BaseErrorHandler::handleError() - CORE/src/Error/BaseErrorHandler.php, line 138
Cake\Cache\Cache::write() - CORE/src/Cache/Cache.php, line 244
Cake\Database\Schema\CachedCollection::describe() - CORE/src/Database/Schema/CachedCollection.php, line 67
Cake\ORM\Table::schema() - CORE/src/ORM/Table.php, line 423
Cake\ORM\Query::addDefaultTypes() - CORE/src/ORM/Query.php, line 173
Cake\ORM\Query::__construct() - CORE/src/ORM/Query.php, line 131
Cake\ORM\Table::query() - CORE/src/ORM/Table.php, line 1228
Cake\ORM\Table::find() - CORE/src/ORM/Table.php, line 931
Cake\ORM\Table::_dynamicFinder() - CORE/src/ORM/Table.php, line 1829
Cake\ORM\Table::__call() - CORE/src/ORM/Table.php, line 1849
App\Model\Table\FoldersTable::findByType() - APP/Shell/SerieShell.php, line 24
App\Shell\SerieShell::rename() - APP/Shell/SerieShell.php, line 24
Cake\Console\Shell::runCommand() - CORE/src/Console/Shell.php, line 431
Cake\Console\ShellDispatcher::_dispatch() - CORE/src/Console/ShellDispatcher.php, line 212
Cake\Console\ShellDispatcher::dispatch() - CORE/src/Console/ShellDispatcher.php, line 179
Cake\Console\ShellDispatcher::run() - CORE/src/Console/ShellDispatcher.php, line 126
[main] - ROOT/bin/cake.php, line 33



2016-06-08 20:20:24 Warning: Warning (512): SplFileInfo::openFile(/var/www/media/tmp/cache/models/myapp_cake_model_default_config): failed to open stream: Permission denied in [/var/www/media/vendor/cakephp/cakephp/src/Cache/Engine/FileEngine.php, line 395]
Trace:
Cake\Error\BaseErrorHandler::handleError() - CORE/src/Error/BaseErrorHandler.php, line 138
Cake\Cache\Engine\FileEngine::_setKey() - CORE/src/Cache/Engine/FileEngine.php, line 395
Cake\Cache\Engine\FileEngine::read() - CORE/src/Cache/Engine/FileEngine.php, line 184
Cake\Cache\Cache::read() - CORE/src/Cache/Cache.php, line 312
Cake\Database\Schema\CachedCollection::describe() - CORE/src/Database/Schema/CachedCollection.php, line 58
Cake\ORM\Table::schema() - CORE/src/ORM/Table.php, line 423
Cake\ORM\Query::addDefaultTypes() - CORE/src/ORM/Query.php, line 173
Cake\ORM\Query::__construct() - CORE/src/ORM/Query.php, line 131
Cake\ORM\Table::query() - CORE/src/ORM/Table.php, line 1228
Cake\ORM\Table::find() - CORE/src/ORM/Table.php, line 931
Cake\ORM\Table::_dynamicFinder() - CORE/src/ORM/Table.php, line 1829
Cake\ORM\Table::__call() - CORE/src/ORM/Table.php, line 1849
App\Model\Table\ConfigTable::findByNom() - APP/Shell/SerieShell.php, line 25
App\Shell\SerieShell::rename() - APP/Shell/SerieShell.php, line 25
Cake\Console\Shell::runCommand() - CORE/src/Console/Shell.php, line 431
Cake\Console\ShellDispatcher::_dispatch() - CORE/src/Console/ShellDispatcher.php, line 212
Cake\Console\ShellDispatcher::dispatch() - CORE/src/Console/ShellDispatcher.php, line 179
Cake\Console\ShellDispatcher::run() - CORE/src/Console/ShellDispatcher.php, line 126
[main] - ROOT/bin/cake.php, line 33



2016-06-08 20:20:24 Warning: Warning (512): SplFileInfo::openFile(/var/www/media/tmp/cache/models/myapp_cake_model_default_config): failed to open stream: Permission denied in [/var/www/media/vendor/cakephp/cakephp/src/Cache/Engine/FileEngine.php, line 395]
Trace:
Cake\Error\BaseErrorHandler::handleError() - CORE/src/Error/BaseErrorHandler.php, line 138
Cake\Cache\Engine\FileEngine::_setKey() - CORE/src/Cache/Engine/FileEngine.php, line 395
Cake\Cache\Engine\FileEngine::write() - CORE/src/Cache/Engine/FileEngine.php, line 134
Cake\Cache\Cache::write() - CORE/src/Cache/Cache.php, line 234
Cake\Database\Schema\CachedCollection::describe() - CORE/src/Database/Schema/CachedCollection.php, line 67
Cake\ORM\Table::schema() - CORE/src/ORM/Table.php, line 423
Cake\ORM\Query::addDefaultTypes() - CORE/src/ORM/Query.php, line 173
Cake\ORM\Query::__construct() - CORE/src/ORM/Query.php, line 131
Cake\ORM\Table::query() - CORE/src/ORM/Table.php, line 1228
Cake\ORM\Table::find() - CORE/src/ORM/Table.php, line 931
Cake\ORM\Table::_dynamicFinder() - CORE/src/ORM/Table.php, line 1829
Cake\ORM\Table::__call() - CORE/src/ORM/Table.php, line 1849
App\Model\Table\ConfigTable::findByNom() - APP/Shell/SerieShell.php, line 25
App\Shell\SerieShell::rename() - APP/Shell/SerieShell.php, line 25
Cake\Console\Shell::runCommand() - CORE/src/Console/Shell.php, line 431
Cake\Console\ShellDispatcher::_dispatch() - CORE/src/Console/ShellDispatcher.php, line 212
Cake\Console\ShellDispatcher::dispatch() - CORE/src/Console/ShellDispatcher.php, line 179
Cake\Console\ShellDispatcher::run() - CORE/src/Console/ShellDispatcher.php, line 126
[main] - ROOT/bin/cake.php, line 33



2016-06-08 20:20:24 Warning: Warning (512): _cake_model_ cache was unable to write 'default_config' to Cake\Cache\Engine\FileEngine cache in [/var/www/media/vendor/cakephp/cakephp/src/Cache/Cache.php, line 244]
Trace:
Cake\Error\BaseErrorHandler::handleError() - CORE/src/Error/BaseErrorHandler.php, line 138
Cake\Cache\Cache::write() - CORE/src/Cache/Cache.php, line 244
Cake\Database\Schema\CachedCollection::describe() - CORE/src/Database/Schema/CachedCollection.php, line 67
Cake\ORM\Table::schema() - CORE/src/ORM/Table.php, line 423
Cake\ORM\Query::addDefaultTypes() - CORE/src/ORM/Query.php, line 173
Cake\ORM\Query::__construct() - CORE/src/ORM/Query.php, line 131
Cake\ORM\Table::query() - CORE/src/ORM/Table.php, line 1228
Cake\ORM\Table::find() - CORE/src/ORM/Table.php, line 931
Cake\ORM\Table::_dynamicFinder() - CORE/src/ORM/Table.php, line 1829
Cake\ORM\Table::__call() - CORE/src/ORM/Table.php, line 1849
App\Model\Table\ConfigTable::findByNom() - APP/Shell/SerieShell.php, line 25
App\Shell\SerieShell::rename() - APP/Shell/SerieShell.php, line 25
Cake\Console\Shell::runCommand() - CORE/src/Console/Shell.php, line 431
Cake\Console\ShellDispatcher::_dispatch() - CORE/src/Console/ShellDispatcher.php, line 212
Cake\Console\ShellDispatcher::dispatch() - CORE/src/Console/ShellDispatcher.php, line 179
Cake\Console\ShellDispatcher::run() - CORE/src/Console/ShellDispatcher.php, line 126
[main] - ROOT/bin/cake.php, line 33



2016-06-08 20:20:24 Warning: Warning (512): SplFileInfo::openFile(/var/www/media/tmp/cache/models/myapp_cake_model_default_rmwords): failed to open stream: Permission denied in [/var/www/media/vendor/cakephp/cakephp/src/Cache/Engine/FileEngine.php, line 395]
Trace:
Cake\Error\BaseErrorHandler::handleError() - CORE/src/Error/BaseErrorHandler.php, line 138
Cake\Cache\Engine\FileEngine::_setKey() - CORE/src/Cache/Engine/FileEngine.php, line 395
Cake\Cache\Engine\FileEngine::read() - CORE/src/Cache/Engine/FileEngine.php, line 184
Cake\Cache\Cache::read() - CORE/src/Cache/Cache.php, line 312
Cake\Database\Schema\CachedCollection::describe() - CORE/src/Database/Schema/CachedCollection.php, line 58
Cake\ORM\Table::schema() - CORE/src/ORM/Table.php, line 423
Cake\ORM\Query::addDefaultTypes() - CORE/src/ORM/Query.php, line 173
Cake\ORM\Query::__construct() - CORE/src/ORM/Query.php, line 131
Cake\ORM\Table::query() - CORE/src/ORM/Table.php, line 1228
Cake\ORM\Table::find() - CORE/src/ORM/Table.php, line 931
Cake\ORM\Table::_dynamicFinder() - CORE/src/ORM/Table.php, line 1829
Cake\ORM\Table::__call() - CORE/src/ORM/Table.php, line 1849
App\Model\Table\RmwordsTable::findByEnd() - APP/Shell/SerieShell.php, line 27
App\Shell\SerieShell::rename() - APP/Shell/SerieShell.php, line 27
Cake\Console\Shell::runCommand() - CORE/src/Console/Shell.php, line 431
Cake\Console\ShellDispatcher::_dispatch() - CORE/src/Console/ShellDispatcher.php, line 212
Cake\Console\ShellDispatcher::dispatch() - CORE/src/Console/ShellDispatcher.php, line 179
Cake\Console\ShellDispatcher::run() - CORE/src/Console/ShellDispatcher.php, line 126
[main] - ROOT/bin/cake.php, line 33



2016-06-08 20:20:24 Warning: Warning (512): SplFileInfo::openFile(/var/www/media/tmp/cache/models/myapp_cake_model_default_rmwords): failed to open stream: Permission denied in [/var/www/media/vendor/cakephp/cakephp/src/Cache/Engine/FileEngine.php, line 395]
Trace:
Cake\Error\BaseErrorHandler::handleError() - CORE/src/Error/BaseErrorHandler.php, line 138
Cake\Cache\Engine\FileEngine::_setKey() - CORE/src/Cache/Engine/FileEngine.php, line 395
Cake\Cache\Engine\FileEngine::write() - CORE/src/Cache/Engine/FileEngine.php, line 134
Cake\Cache\Cache::write() - CORE/src/Cache/Cache.php, line 234
Cake\Database\Schema\CachedCollection::describe() - CORE/src/Database/Schema/CachedCollection.php, line 67
Cake\ORM\Table::schema() - CORE/src/ORM/Table.php, line 423
Cake\ORM\Query::addDefaultTypes() - CORE/src/ORM/Query.php, line 173
Cake\ORM\Query::__construct() - CORE/src/ORM/Query.php, line 131
Cake\ORM\Table::query() - CORE/src/ORM/Table.php, line 1228
Cake\ORM\Table::find() - CORE/src/ORM/Table.php, line 931
Cake\ORM\Table::_dynamicFinder() - CORE/src/ORM/Table.php, line 1829
Cake\ORM\Table::__call() - CORE/src/ORM/Table.php, line 1849
App\Model\Table\RmwordsTable::findByEnd() - APP/Shell/SerieShell.php, line 27
App\Shell\SerieShell::rename() - APP/Shell/SerieShell.php, line 27
Cake\Console\Shell::runCommand() - CORE/src/Console/Shell.php, line 431
Cake\Console\ShellDispatcher::_dispatch() - CORE/src/Console/ShellDispatcher.php, line 212
Cake\Console\ShellDispatcher::dispatch() - CORE/src/Console/ShellDispatcher.php, line 179
Cake\Console\ShellDispatcher::run() - CORE/src/Console/ShellDispatcher.php, line 126
[main] - ROOT/bin/cake.php, line 33



2016-06-08 20:20:24 Warning: Warning (512): _cake_model_ cache was unable to write 'default_rmwords' to Cake\Cache\Engine\FileEngine cache in [/var/www/media/vendor/cakephp/cakephp/src/Cache/Cache.php, line 244]
Trace:
Cake\Error\BaseErrorHandler::handleError() - CORE/src/Error/BaseErrorHandler.php, line 138
Cake\Cache\Cache::write() - CORE/src/Cache/Cache.php, line 244
Cake\Database\Schema\CachedCollection::describe() - CORE/src/Database/Schema/CachedCollection.php, line 67
Cake\ORM\Table::schema() - CORE/src/ORM/Table.php, line 423
Cake\ORM\Query::addDefaultTypes() - CORE/src/ORM/Query.php, line 173
Cake\ORM\Query::__construct() - CORE/src/ORM/Query.php, line 131
Cake\ORM\Table::query() - CORE/src/ORM/Table.php, line 1228
Cake\ORM\Table::find() - CORE/src/ORM/Table.php, line 931
Cake\ORM\Table::_dynamicFinder() - CORE/src/ORM/Table.php, line 1829
Cake\ORM\Table::__call() - CORE/src/ORM/Table.php, line 1849
App\Model\Table\RmwordsTable::findByEnd() - APP/Shell/SerieShell.php, line 27
App\Shell\SerieShell::rename() - APP/Shell/SerieShell.php, line 27
Cake\Console\Shell::runCommand() - CORE/src/Console/Shell.php, line 431
Cake\Console\ShellDispatcher::_dispatch() - CORE/src/Console/ShellDispatcher.php, line 212
Cake\Console\ShellDispatcher::dispatch() - CORE/src/Console/ShellDispatcher.php, line 179
Cake\Console\ShellDispatcher::run() - CORE/src/Console/ShellDispatcher.php, line 126
[main] - ROOT/bin/cake.php, line 33



2016-06-08 20:27:44 Error: [BadMethodCallException] Unknown method "loadModel"
Stack Trace:
#0 /var/www/media/src/Model/Table/SeriesTable.php(37): Cake\ORM\Table->__call('loadModel', Array)
#1 /var/www/media/src/Model/Table/SeriesTable.php(37): App\Model\Table\SeriesTable->loadModel('Folders')
#2 /var/www/media/src/Shell/SerieShell.php(19): App\Model\Table\SeriesTable->rename()
#3 [internal function]: App\Shell\SerieShell->rename()
#4 /var/www/media/vendor/cakephp/cakephp/src/Console/Shell.php(431): call_user_func_array(Array, Array)
#5 /var/www/media/vendor/cakephp/cakephp/src/Console/ShellDispatcher.php(212): Cake\Console\Shell->runCommand(Array, true, Array)
#6 /var/www/media/vendor/cakephp/cakephp/src/Console/ShellDispatcher.php(179): Cake\Console\ShellDispatcher->_dispatch(Array)
#7 /var/www/media/vendor/cakephp/cakephp/src/Console/ShellDispatcher.php(126): Cake\Console\ShellDispatcher->dispatch(Array)
#8 /var/www/media/bin/cake.php(33): Cake\Console\ShellDispatcher::run(Array)
#9 {main}


2016-06-08 20:29:03 Error: [BadMethodCallException] Unknown method "loadModel"
Stack Trace:
#0 /var/www/media/src/Model/Table/SeriesTable.php(41): Cake\ORM\Table->__call('loadModel', Array)
#1 /var/www/media/src/Model/Table/SeriesTable.php(41): App\Model\Table\SeriesTable->loadModel('Folders')
#2 /var/www/media/src/Shell/SerieShell.php(19): App\Model\Table\SeriesTable->rename()
#3 [internal function]: App\Shell\SerieShell->rename()
#4 /var/www/media/vendor/cakephp/cakephp/src/Console/Shell.php(431): call_user_func_array(Array, Array)
#5 /var/www/media/vendor/cakephp/cakephp/src/Console/ShellDispatcher.php(212): Cake\Console\Shell->runCommand(Array, true, Array)
#6 /var/www/media/vendor/cakephp/cakephp/src/Console/ShellDispatcher.php(179): Cake\Console\ShellDispatcher->_dispatch(Array)
#7 /var/www/media/vendor/cakephp/cakephp/src/Console/ShellDispatcher.php(126): Cake\Console\ShellDispatcher->dispatch(Array)
#8 /var/www/media/bin/cake.php(33): Cake\Console\ShellDispatcher::run(Array)
#9 {main}


2016-06-08 20:34:37 Warning: Warning (2): file_get_contents(/var/www/media/webroot//series/rename): failed to open stream: No such file or directory in [/var/www/media/src/Shell/SerieShell.php, line 19]
Trace:
Cake\Error\BaseErrorHandler::handleError() - CORE/src/Error/BaseErrorHandler.php, line 138
file_get_contents - [internal], line ??
App\Shell\SerieShell::rename() - APP/Shell/SerieShell.php, line 19
Cake\Console\Shell::runCommand() - CORE/src/Console/Shell.php, line 431
Cake\Console\ShellDispatcher::_dispatch() - CORE/src/Console/ShellDispatcher.php, line 212
Cake\Console\ShellDispatcher::dispatch() - CORE/src/Console/ShellDispatcher.php, line 179
Cake\Console\ShellDispatcher::run() - CORE/src/Console/ShellDispatcher.php, line 126
[main] - ROOT/bin/cake.php, line 33



2016-06-08 20:36:17 Warning: Warning (2): file_get_contents(series/rename): failed to open stream: No such file or directory in [/var/www/media/src/Shell/SerieShell.php, line 19]
Trace:
Cake\Error\BaseErrorHandler::handleError() - CORE/src/Error/BaseErrorHandler.php, line 138
file_get_contents - [internal], line ??
App\Shell\SerieShell::rename() - APP/Shell/SerieShell.php, line 19
Cake\Console\Shell::runCommand() - CORE/src/Console/Shell.php, line 431
Cake\Console\ShellDispatcher::_dispatch() - CORE/src/Console/ShellDispatcher.php, line 212
Cake\Console\ShellDispatcher::dispatch() - CORE/src/Console/ShellDispatcher.php, line 179
Cake\Console\ShellDispatcher::run() - CORE/src/Console/ShellDispatcher.php, line 126
[main] - ROOT/bin/cake.php, line 33



